Performing C SOURCE FILE Test CMAKE_HAVE_LIBC_PTHREAD failed with the following output:
Change Dir: /home/lakshmikanth/catkin_ws/src/flight_testing_lab/src/ydlidar_ws/build/CMakeFiles/CMakeTmp

Run Build Command(s):/usr/bin/make cmTC_201a2/fast && /usr/bin/make -f CMakeFiles/cmTC_201a2.dir/build.make CMakeFiles/cmTC_201a2.dir/build
make[1]: Entering directory '/home/lakshmikanth/catkin_ws/src/flight_testing_lab/src/ydlidar_ws/build/CMakeFiles/CMakeTmp'
Building C object CMakeFiles/cmTC_201a2.dir/src.c.o
/usr/lib/ccache/cc   -DCMAKE_HAVE_LIBC_PTHREAD   -o CMakeFiles/cmTC_201a2.dir/src.c.o   -c /home/lakshmikanth/catkin_ws/src/flight_testing_lab/src/ydlidar_ws/build/CMakeFiles/CMakeTmp/src.c
Linking C executable cmTC_201a2
/usr/bin/cmake -E cmake_link_script CMakeFiles/cmTC_201a2.dir/link.txt --verbose=1
/usr/lib/ccache/cc  -DCMAKE_HAVE_LIBC_PTHREAD    -rdynamic CMakeFiles/cmTC_201a2.dir/src.c.o  -o cmTC_201a2 
/usr/bin/ld: CMakeFiles/cmTC_201a2.dir/src.c.o: in function `main':
src.c:(.text+0x46): undefined reference to `pthread_create'
/usr/bin/ld: src.c:(.text+0x52): undefined reference to `pthread_detach'
/usr/bin/ld: src.c:(.text+0x63): undefined reference to `pthread_join'
collect2: error: ld returned 1 exit status
make[1]: *** [CMakeFiles/cmTC_201a2.dir/build.make:87: cmTC_201a2] Error 1
make[1]: Leaving directory '/home/lakshmikanth/catkin_ws/src/flight_testing_lab/src/ydlidar_ws/build/CMakeFiles/CMakeTmp'
make: *** [Makefile:121: cmTC_201a2/fast] Error 2


Source file was:
#include <pthread.h>

void* test_func(void* data)
{
  return data;
}

int main(void)
{
  pthread_t thread;
  pthread_create(&thread, NULL, test_func, NULL);
  pthread_detach(thread);
  pthread_join(thread, NULL);
  pthread_atfork(NULL, NULL, NULL);
  pthread_exit(NULL);

  return 0;
}

Determining if the function pthread_create exists in the pthreads failed with the following output:
Change Dir: /home/lakshmikanth/catkin_ws/src/flight_testing_lab/src/ydlidar_ws/build/CMakeFiles/CMakeTmp

Run Build Command(s):/usr/bin/make cmTC_cd8cf/fast && /usr/bin/make -f CMakeFiles/cmTC_cd8cf.dir/build.make CMakeFiles/cmTC_cd8cf.dir/build
make[1]: Entering directory '/home/lakshmikanth/catkin_ws/src/flight_testing_lab/src/ydlidar_ws/build/CMakeFiles/CMakeTmp'
Building C object CMakeFiles/cmTC_cd8cf.dir/CheckFunctionExists.c.o
/usr/lib/ccache/cc   -DCHECK_FUNCTION_EXISTS=pthread_create   -o CMakeFiles/cmTC_cd8cf.dir/CheckFunctionExists.c.o   -c /usr/share/cmake-3.16/Modules/CheckFunctionExists.c
Linking C executable cmTC_cd8cf
/usr/bin/cmake -E cmake_link_script CMakeFiles/cmTC_cd8cf.dir/link.txt --verbose=1
/usr/lib/ccache/cc  -DCHECK_FUNCTION_EXISTS=pthread_create    -rdynamic CMakeFiles/cmTC_cd8cf.dir/CheckFunctionExists.c.o  -o cmTC_cd8cf  -lpthreads 
/usr/bin/ld: cannot find -lpthreads
collect2: error: ld returned 1 exit status
make[1]: *** [CMakeFiles/cmTC_cd8cf.dir/build.make:87: cmTC_cd8cf] Error 1
make[1]: Leaving directory '/home/lakshmikanth/catkin_ws/src/flight_testing_lab/src/ydlidar_ws/build/CMakeFiles/CMakeTmp'
make: *** [Makefile:121: cmTC_cd8cf/fast] Error 2



